# JRE version: OpenJDK Runtime Environment (8.0_152-b06) (build 1.8.0_152-release-1136-b06)
# Java VM: OpenJDK 64-Bit Server VM (25.152-b06 mixed mode linux-amd64 compressed oops)
Heap:
 PSYoungGen      total 928256K, used 335473K [0x0000000780000000, 0x00000007bf580000, 0x00000007c0000000)
  eden space 812032K, 36% used [0x0000000780000000,0x00000007923f66b0,0x00000007b1900000)
  from space 116224K, 31% used [0x00000007b1900000,0x00000007b3ca6018,0x00000007b8a80000)
  to   space 109056K, 0% used [0x00000007b8b00000,0x00000007b8b00000,0x00000007bf580000)
 ParOldGen       total 570368K, used 251695K [0x0000000700000000, 0x0000000722d00000, 0x0000000780000000)
  object space 570368K, 44% used [0x0000000700000000,0x000000070f5cbd00,0x0000000722d00000)
 Metaspace       used 141510K, capacity 150907K, committed 151064K, reserved 1181696K
  class space    used 17748K, capacity 19666K, committed 19736K, reserved 1048576K
GC Heap History (10 events):
Event: 449.087 GC heap before
{Heap before GC invocations=46 (full 5):
 PSYoungGen      total 939520K, used 837120K [0x0000000780000000, 0x00000007c0000000, 0x00000007c0000000)
  eden space 837120K, 100% used [0x0000000780000000,0x00000007b3180000,0x00000007b3180000)
  from space 102400K, 0% used [0x00000007b9280000,0x00000007b9280000,0x00000007bf680000)
  to   space 99328K, 0% used [0x00000007b3180000,0x00000007b3180000,0x00000007b9280000)
 ParOldGen       total 570368K, used 214753K [0x0000000700000000, 0x0000000722d00000, 0x0000000780000000)
  object space 570368K, 37% used [0x0000000700000000,0x000000070d1b85f8,0x0000000722d00000)
 Metaspace       used 140966K, capacity 150111K, committed 150424K, reserved 1179648K
  class space    used 17707K, capacity 19538K, committed 19608K, reserved 1048576K
Event: 449.096 GC heap after
Heap after GC invocations=46 (full 5):
 PSYoungGen      total 936448K, used 13056K [0x0000000780000000, 0x00000007bfb00000, 0x00000007c0000000)
  eden space 837120K, 0% used [0x0000000780000000,0x0000000780000000,0x00000007b3180000)
  from space 99328K, 13% used [0x00000007b3180000,0x00000007b3e40050,0x00000007b9280000)
  to   space 98304K, 0% used [0x00000007b9b00000,0x00000007b9b00000,0x00000007bfb00000)
 ParOldGen       total 570368K, used 214753K [0x0000000700000000, 0x0000000722d00000, 0x0000000780000000)
  object space 570368K, 37% used [0x0000000700000000,0x000000070d1b85f8,0x0000000722d00000)
 Metaspace       used 140966K, capacity 150111K, committed 150424K, reserved 1179648K
  class space    used 17707K, capacity 19538K, committed 19608K, reserved 1048576K
}
Event: 452.277 GC heap before
{Heap before GC invocations=47 (full 5):
 PSYoungGen      total 936448K, used 850176K [0x0000000780000000, 0x00000007bfb00000, 0x00000007c0000000)
  eden space 837120K, 100% used [0x0000000780000000,0x00000007b3180000,0x00000007b3180000)
  from space 99328K, 13% used [0x00000007b3180000,0x00000007b3e40050,0x00000007b9280000)
  to   space 98304K, 0% used [0x00000007b9b00000,0x00000007b9b00000,0x00000007bfb00000)
 ParOldGen       total 570368K, used 214753K [0x0000000700000000, 0x0000000722d00000, 0x0000000780000000)
  object space 570368K, 37% used [0x0000000700000000,0x000000070d1b85f8,0x0000000722d00000)
 Metaspace       used 140997K, capacity 150119K, committed 150424K, reserved 1179648K
  class space    used 17708K, capacity 19538K, committed 19608K, reserved 1048576K
Event: 452.323 GC heap after
Heap after GC invocations=47 (full 5):
 PSYoungGen      total 907264K, used 98299K [0x0000000780000000, 0x00000007c0000000, 0x00000007c0000000)
  eden space 808960K, 0% used [0x0000000780000000,0x0000000780000000,0x00000007b1600000)
  from space 98304K, 99% used [0x00000007b9b00000,0x00000007bfafed68,0x00000007bfb00000)
  to   space 119808K, 0% used [0x00000007b1600000,0x00000007b1600000,0x00000007b8b00000)
 ParOldGen       total 570368K, used 229590K [0x0000000700000000, 0x0000000722d00000, 0x0000000780000000)
  object space 570368K, 40% used [0x0000000700000000,0x000000070e0359a8,0x0000000722d00000)
 Metaspace       used 140997K, capacity 150119K, committed 150424K, reserved 1179648K
  class space    used 17708K, capacity 19538K, committed 19608K, reserved 1048576K
}
Event: 453.267 GC heap before
{Heap before GC invocations=48 (full 5):
 PSYoungGen      total 907264K, used 907259K [0x0000000780000000, 0x00000007c0000000, 0x00000007c0000000)
  eden space 808960K, 100% used [0x0000000780000000,0x00000007b1600000,0x00000007b1600000)
  from space 98304K, 99% used [0x00000007b9b00000,0x00000007bfafed68,0x00000007bfb00000)
  to   space 119808K, 0% used [0x00000007b1600000,0x00000007b1600000,0x00000007b8b00000)
 ParOldGen       total 570368K, used 229590K [0x0000000700000000, 0x0000000722d00000, 0x0000000780000000)
  object space 570368K, 40% used [0x0000000700000000,0x000000070e0359a8,0x0000000722d00000)
 Metaspace       used 141056K, capacity 150289K, committed 150680K, reserved 1179648K
  class space    used 17711K, capacity 19543K, committed 19608K, reserved 1048576K
Event: 453.281 GC heap after
Heap after GC invocations=48 (full 5):
 PSYoungGen      total 928768K, used 20767K [0x0000000780000000, 0x00000007c0000000, 0x00000007c0000000)
  eden space 808960K, 0% used [0x0000000780000000,0x0000000780000000,0x00000007b1600000)
  from space 119808K, 17% used [0x00000007b1600000,0x00000007b2a47d50,0x00000007b8b00000)
  to   space 116736K, 0% used [0x00000007b8e00000,0x00000007b8e00000,0x00000007c0000000)
 ParOldGen       total 570368K, used 239826K [0x0000000700000000, 0x0000000722d00000, 0x0000000780000000)
  object space 570368K, 42% used [0x0000000700000000,0x000000070ea34ba8,0x0000000722d00000)
 Metaspace       used 141056K, capacity 150289K, committed 150680K, reserved 1179648K
  class space    used 17711K, capacity 19543K, committed 19608K, reserved 1048576K
}
Event: 453.710 GC heap before
{Heap before GC invocations=49 (full 5):
 PSYoungGen      total 928768K, used 829702K [0x0000000780000000, 0x00000007c0000000, 0x00000007c0000000)
  eden space 808960K, 99% used [0x0000000780000000,0x00000007b15f9e90,0x00000007b1600000)
  from space 119808K, 17% used [0x00000007b1600000,0x00000007b2a47d50,0x00000007b8b00000)
  to   space 116736K, 0% used [0x00000007b8e00000,0x00000007b8e00000,0x00000007c0000000)
 ParOldGen       total 570368K, used 239826K [0x0000000700000000, 0x0000000722d00000, 0x0000000780000000)
  object space 570368K, 42% used [0x0000000700000000,0x000000070ea34ba8,0x0000000722d00000)
 Metaspace       used 141059K, capacity 150289K, committed 150680K, reserved 1179648K
  class space    used 17711K, capacity 19543K, committed 19608K, reserved 1048576K
Event: 453.716 GC heap after
Heap after GC invocations=49 (full 5):
 PSYoungGen      total 924672K, used 3054K [0x0000000780000000, 0x00000007bfc00000, 0x00000007c0000000)
  eden space 812032K, 0% used [0x0000000780000000,0x0000000780000000,0x00000007b1900000)
  from space 112640K, 2% used [0x00000007b8e00000,0x00000007b90fbab8,0x00000007bfc00000)
  to   space 116224K, 0% used [0x00000007b1900000,0x00000007b1900000,0x00000007b8a80000)
 ParOldGen       total 570368K, used 250058K [0x0000000700000000, 0x0000000722d00000, 0x0000000780000000)
  object space 570368K, 43% used [0x0000000700000000,0x000000070f432808,0x0000000722d00000)
 Metaspace       used 141059K, capacity 150289K, committed 150680K, reserved 1179648K
  class space    used 17711K, capacity 19543K, committed 19608K, reserved 1048576K
}
Event: 483.789 GC heap before
{Heap before GC invocations=50 (full 5):
 PSYoungGen      total 924672K, used 815086K [0x0000000780000000, 0x00000007bfc00000, 0x00000007c0000000)
  eden space 812032K, 100% used [0x0000000780000000,0x00000007b1900000,0x00000007b1900000)
  from space 112640K, 2% used [0x00000007b8e00000,0x00000007b90fbab8,0x00000007bfc00000)
  to   space 116224K, 0% used [0x00000007b1900000,0x00000007b1900000,0x00000007b8a80000)
 ParOldGen       total 570368K, used 250058K [0x0000000700000000, 0x0000000722d00000, 0x0000000780000000)
  object space 570368K, 43% used [0x0000000700000000,0x000000070f432808,0x0000000722d00000)
 Metaspace       used 141461K, capacity 150871K, committed 151064K, reserved 1181696K
  class space    used 17744K, capacity 19660K, committed 19736K, reserved 1048576K
Event: 483.811 GC heap after
Heap after GC invocations=50 (full 5):
 PSYoungGen      total 928256K, used 36504K [0x0000000780000000, 0x00000007bf580000, 0x00000007c0000000)
  eden space 812032K, 0% used [0x0000000780000000,0x0000000780000000,0x00000007b1900000)
  from space 116224K, 31% used [0x00000007b1900000,0x00000007b3ca6018,0x00000007b8a80000)
  to   space 109056K, 0% used [0x00000007b8b00000,0x00000007b8b00000,0x00000007bf580000)
 ParOldGen       total 570368K, used 251695K [0x0000000700000000, 0x0000000722d00000, 0x0000000780000000)
  object space 570368K, 44% used [0x0000000700000000,0x000000070f5cbd00,0x0000000722d00000)
 Metaspace       used 141461K, capacity 150871K, committed 151064K, reserved 1181696K
  class space    used 17744K, capacity 19660K, committed 19736K, reserved 1048576K
}

